2018-01-13 15:56:25,391 INFO (StartupInfoLogger.java:48)- Starting Application on DESKTOP-519B1F0 with PID 7416 (E:\IWorkspace\hmys\target\classes started by yawen.zhu in E:\IWorkspace\hmys)
2018-01-13 15:56:25,396 DEBUG (StartupInfoLogger.java:51)- Running with Spring Boot v1.5.8.RELEASE, Spring v4.3.12.RELEASE
2018-01-13 15:56:25,397 INFO (SpringApplication.java:597)- The following profiles are active: dev
2018-01-13 15:56:34,733 INFO (StartupInfoLogger.java:57)- Started Application in 10.372 seconds (JVM running for 13.381)
2018-01-13 15:57:39,990 DEBUG (BaseJdbcLogger.java:159)- ==>  Preparing: SELECT t.* FROM SYS_USER t WHERE t.PWD = ? AND t.ACCOUNT = ? 
2018-01-13 15:57:40,028 DEBUG (BaseJdbcLogger.java:159)- ==> Parameters: 111(String), admin(String)
2018-01-13 15:57:40,049 DEBUG (BaseJdbcLogger.java:159)- <==      Total: 1
2018-01-13 15:57:40,232 DEBUG (BaseJdbcLogger.java:159)- ==>  Preparing: SELECT t.* FROM SYS_MENU t WHERE t.DS = 'Y' 
2018-01-13 15:57:40,233 DEBUG (BaseJdbcLogger.java:159)- ==> Parameters: 
2018-01-13 15:57:40,240 DEBUG (BaseJdbcLogger.java:159)- <==      Total: 6
2018-01-13 15:57:41,750 DEBUG (BaseJdbcLogger.java:159)- ==>  Preparing: SELECT count(0) FROM SYS_ROLE t WHERE t.DS = 'Y' 
2018-01-13 15:57:41,751 DEBUG (BaseJdbcLogger.java:159)- ==> Parameters: 
2018-01-13 15:57:41,753 DEBUG (BaseJdbcLogger.java:159)- <==      Total: 1
2018-01-13 15:57:41,755 DEBUG (BaseJdbcLogger.java:159)- ==>  Preparing: SELECT t.* FROM SYS_ROLE t WHERE t.DS = 'Y' LIMIT 10 
2018-01-13 15:57:41,756 DEBUG (BaseJdbcLogger.java:159)- ==> Parameters: 
2018-01-13 15:57:41,759 DEBUG (BaseJdbcLogger.java:159)- <==      Total: 2
2018-01-13 15:57:42,198 DEBUG (BaseJdbcLogger.java:159)- ==>  Preparing: SELECT t.* FROM SYS_MENU t WHERE t.DS = 'Y' 
2018-01-13 15:57:42,199 DEBUG (BaseJdbcLogger.java:159)- ==> Parameters: 
2018-01-13 15:57:42,203 DEBUG (BaseJdbcLogger.java:159)- <==      Total: 6
2018-01-13 15:57:45,407 DEBUG (BaseJdbcLogger.java:159)- ==>  Preparing: SELECT count(0) FROM SYS_USER t WHERE t.DS = 'Y' 
2018-01-13 15:57:45,408 DEBUG (BaseJdbcLogger.java:159)- ==> Parameters: 
2018-01-13 15:57:45,410 DEBUG (BaseJdbcLogger.java:159)- <==      Total: 1
2018-01-13 15:57:45,411 DEBUG (BaseJdbcLogger.java:159)- ==>  Preparing: SELECT t.* FROM SYS_USER t WHERE t.DS = 'Y' LIMIT 10 
2018-01-13 15:57:45,412 DEBUG (BaseJdbcLogger.java:159)- ==> Parameters: 
2018-01-13 15:57:45,418 DEBUG (BaseJdbcLogger.java:159)- <==      Total: 10
2018-01-13 15:57:47,459 DEBUG (BaseJdbcLogger.java:159)- ==>  Preparing: SELECT count(0) FROM SYS_ROLE t WHERE t.DS = 'Y' 
2018-01-13 15:57:47,461 DEBUG (BaseJdbcLogger.java:159)- ==> Parameters: 
2018-01-13 15:57:47,464 DEBUG (BaseJdbcLogger.java:159)- <==      Total: 1
2018-01-13 15:57:47,466 DEBUG (BaseJdbcLogger.java:159)- ==>  Preparing: SELECT t.* FROM SYS_ROLE t WHERE t.DS = 'Y' LIMIT 10 
2018-01-13 15:57:47,467 DEBUG (BaseJdbcLogger.java:159)- ==> Parameters: 
2018-01-13 15:57:47,469 DEBUG (BaseJdbcLogger.java:159)- <==      Total: 2
2018-01-13 15:57:50,924 DEBUG (BaseJdbcLogger.java:159)- ==>  Preparing: SELECT t.* FROM SYS_MENU t WHERE t.DS = 'Y' 
2018-01-13 15:57:50,925 DEBUG (BaseJdbcLogger.java:159)- ==> Parameters: 
2018-01-13 15:57:50,934 DEBUG (BaseJdbcLogger.java:159)- <==      Total: 6
2018-01-13 15:57:50,947 DEBUG (BaseJdbcLogger.java:159)- ==>  Preparing: SELECT t.* FROM SYS_ACTION t WHERE t.DS = 'Y' 
2018-01-13 15:57:50,948 DEBUG (BaseJdbcLogger.java:159)- ==> Parameters: 
2018-01-13 15:57:50,954 DEBUG (BaseJdbcLogger.java:159)- <==      Total: 16
2018-01-13 15:57:50,957 DEBUG (BaseJdbcLogger.java:159)- ==>  Preparing: SELECT a.* FROM SYS_ACTION a, SYS_ROLE_ACTION ra WHERE a.DS = 'Y' AND ra.DS = 'Y' AND a.PK_ID = ra.ACTION_ID AND ra.ROLE_ID = ? 
2018-01-13 15:57:50,958 DEBUG (BaseJdbcLogger.java:159)- ==> Parameters: 1(Long)
2018-01-13 15:57:50,962 DEBUG (BaseJdbcLogger.java:159)- <==      Total: 8
2018-01-13 15:58:05,163 DEBUG (BaseJdbcLogger.java:159)- ==>  Preparing: SELECT t.* FROM SYS_USER t WHERE t.PWD = ? AND t.ACCOUNT = ? 
2018-01-13 15:58:05,165 DEBUG (BaseJdbcLogger.java:159)- ==> Parameters: 111(String), admin(String)
2018-01-13 15:58:05,167 DEBUG (BaseJdbcLogger.java:159)- <==      Total: 1
2018-01-13 15:58:05,181 DEBUG (BaseJdbcLogger.java:159)- ==>  Preparing: SELECT t.* FROM SYS_MENU t WHERE t.DS = 'Y' 
2018-01-13 15:58:05,182 DEBUG (BaseJdbcLogger.java:159)- ==> Parameters: 
2018-01-13 15:58:05,189 DEBUG (BaseJdbcLogger.java:159)- <==      Total: 6
2018-01-13 15:58:05,481 DEBUG (BaseJdbcLogger.java:159)- ==>  Preparing: SELECT t.* FROM SYS_MENU t WHERE t.DS = 'Y' 
2018-01-13 15:58:05,482 DEBUG (BaseJdbcLogger.java:159)- ==> Parameters: 
2018-01-13 15:58:05,487 DEBUG (BaseJdbcLogger.java:159)- <==      Total: 6
2018-01-13 15:58:05,739 DEBUG (BaseJdbcLogger.java:159)- ==>  Preparing: SELECT count(0) FROM SYS_ROLE t WHERE t.DS = 'Y' 
2018-01-13 15:58:05,741 DEBUG (BaseJdbcLogger.java:159)- ==> Parameters: 
2018-01-13 15:58:05,745 DEBUG (BaseJdbcLogger.java:159)- <==      Total: 1
2018-01-13 15:58:05,747 DEBUG (BaseJdbcLogger.java:159)- ==>  Preparing: SELECT t.* FROM SYS_ROLE t WHERE t.DS = 'Y' LIMIT 10 
2018-01-13 15:58:05,748 DEBUG (BaseJdbcLogger.java:159)- ==> Parameters: 
2018-01-13 15:58:05,752 DEBUG (BaseJdbcLogger.java:159)- <==      Total: 2
2018-01-13 15:58:06,626 DEBUG (BaseJdbcLogger.java:159)- ==>  Preparing: SELECT count(0) FROM SYS_USER t WHERE t.DS = 'Y' 
2018-01-13 15:58:06,627 DEBUG (BaseJdbcLogger.java:159)- ==> Parameters: 
2018-01-13 15:58:06,629 DEBUG (BaseJdbcLogger.java:159)- <==      Total: 1
2018-01-13 15:58:06,630 DEBUG (BaseJdbcLogger.java:159)- ==>  Preparing: SELECT t.* FROM SYS_USER t WHERE t.DS = 'Y' LIMIT 10 
2018-01-13 15:58:06,631 DEBUG (BaseJdbcLogger.java:159)- ==> Parameters: 
2018-01-13 15:58:06,642 DEBUG (BaseJdbcLogger.java:159)- <==      Total: 10
2018-01-13 15:58:07,347 DEBUG (BaseJdbcLogger.java:159)- ==>  Preparing: SELECT count(0) FROM SYS_ROLE t WHERE t.DS = 'Y' 
2018-01-13 15:58:07,348 DEBUG (BaseJdbcLogger.java:159)- ==> Parameters: 
2018-01-13 15:58:07,350 DEBUG (BaseJdbcLogger.java:159)- <==      Total: 1
2018-01-13 15:58:07,351 DEBUG (BaseJdbcLogger.java:159)- ==>  Preparing: SELECT t.* FROM SYS_ROLE t WHERE t.DS = 'Y' LIMIT 10 
2018-01-13 15:58:07,352 DEBUG (BaseJdbcLogger.java:159)- ==> Parameters: 
2018-01-13 15:58:07,354 DEBUG (BaseJdbcLogger.java:159)- <==      Total: 2
2018-01-13 15:58:08,746 DEBUG (BaseJdbcLogger.java:159)- ==>  Preparing: SELECT count(0) FROM SYS_USER t WHERE t.DS = 'Y' 
2018-01-13 15:58:08,747 DEBUG (BaseJdbcLogger.java:159)- ==> Parameters: 
2018-01-13 15:58:08,749 DEBUG (BaseJdbcLogger.java:159)- <==      Total: 1
2018-01-13 15:58:08,750 DEBUG (BaseJdbcLogger.java:159)- ==>  Preparing: SELECT t.* FROM SYS_USER t WHERE t.DS = 'Y' LIMIT 10 
2018-01-13 15:58:08,751 DEBUG (BaseJdbcLogger.java:159)- ==> Parameters: 
2018-01-13 15:58:08,758 DEBUG (BaseJdbcLogger.java:159)- <==      Total: 10
2018-01-13 15:58:10,471 DEBUG (BaseJdbcLogger.java:159)- ==>  Preparing: SELECT count(0) FROM SYS_ROLE t WHERE t.DS = 'Y' 
2018-01-13 15:58:10,472 DEBUG (BaseJdbcLogger.java:159)- ==> Parameters: 
2018-01-13 15:58:10,474 DEBUG (BaseJdbcLogger.java:159)- <==      Total: 1
2018-01-13 15:58:10,474 DEBUG (BaseJdbcLogger.java:159)- ==>  Preparing: SELECT t.* FROM SYS_ROLE t WHERE t.DS = 'Y' LIMIT 10 
2018-01-13 15:58:10,475 DEBUG (BaseJdbcLogger.java:159)- ==> Parameters: 
2018-01-13 15:58:10,478 DEBUG (BaseJdbcLogger.java:159)- <==      Total: 2
2018-01-13 15:58:11,483 DEBUG (BaseJdbcLogger.java:159)- ==>  Preparing: SELECT t.* FROM SYS_MENU t WHERE t.DS = 'Y' 
2018-01-13 15:58:11,484 DEBUG (BaseJdbcLogger.java:159)- ==> Parameters: 
2018-01-13 15:58:11,488 DEBUG (BaseJdbcLogger.java:159)- <==      Total: 6
2018-01-13 15:58:11,490 DEBUG (BaseJdbcLogger.java:159)- ==>  Preparing: SELECT t.* FROM SYS_ACTION t WHERE t.DS = 'Y' 
2018-01-13 15:58:11,491 DEBUG (BaseJdbcLogger.java:159)- ==> Parameters: 
2018-01-13 15:58:11,495 DEBUG (BaseJdbcLogger.java:159)- <==      Total: 16
2018-01-13 15:58:11,496 DEBUG (BaseJdbcLogger.java:159)- ==>  Preparing: SELECT a.* FROM SYS_ACTION a, SYS_ROLE_ACTION ra WHERE a.DS = 'Y' AND ra.DS = 'Y' AND a.PK_ID = ra.ACTION_ID AND ra.ROLE_ID = ? 
2018-01-13 15:58:11,497 DEBUG (BaseJdbcLogger.java:159)- ==> Parameters: 1(Long)
2018-01-13 15:58:11,499 DEBUG (BaseJdbcLogger.java:159)- <==      Total: 8
2018-01-13 15:58:21,263 DEBUG (BaseJdbcLogger.java:159)- ==>  Preparing: SELECT t.* FROM SYS_MENU t WHERE t.DS = 'Y' 
2018-01-13 15:58:21,264 DEBUG (BaseJdbcLogger.java:159)- ==> Parameters: 
2018-01-13 15:58:21,267 DEBUG (BaseJdbcLogger.java:159)- <==      Total: 6
2018-01-13 15:58:21,269 DEBUG (BaseJdbcLogger.java:159)- ==>  Preparing: SELECT t.* FROM SYS_ACTION t WHERE t.DS = 'Y' 
2018-01-13 15:58:21,269 DEBUG (BaseJdbcLogger.java:159)- ==> Parameters: 
2018-01-13 15:58:21,273 DEBUG (BaseJdbcLogger.java:159)- <==      Total: 16
2018-01-13 15:58:21,274 DEBUG (BaseJdbcLogger.java:159)- ==>  Preparing: SELECT a.* FROM SYS_ACTION a, SYS_ROLE_ACTION ra WHERE a.DS = 'Y' AND ra.DS = 'Y' AND a.PK_ID = ra.ACTION_ID AND ra.ROLE_ID = ? 
2018-01-13 15:58:21,275 DEBUG (BaseJdbcLogger.java:159)- ==> Parameters: 1(Long)
2018-01-13 15:58:21,277 DEBUG (BaseJdbcLogger.java:159)- <==      Total: 8
